This is METAFONT, Version 2.718281 (TeX Live 2013) (base=mf 2013.10.10)  1 NOV 2013 13:36
**ver1
(ver1.mf
Uppercase A [65]
Uppercase B [66]
Uppercase C [67]
Uppercase D [68]
Upperase E [69]
Upperase F [70]
Uppercase G [71]
Upperase H [72]
Uppercase I [73]
Uppercase J [74]
Uppercase K [75]
Uppercase L [76]
Uppercase M [77]
Uppercase N [78]
Uppercase O [79]
Uppercase P [80]
Uppercase Q [81]
Uppercase R [82]
Uppercase S [83]
Uppercase T [84]
Uppercase U [85]
Uppercase V [86]
Uppercase W [87]
Uppercase X [88]
Uppercase Y [89]
Uppercase Z [90] )
Output written on ver1.2602gf (26 characters, 44988 bytes).
